mode: set
github.com/shivam/sqltc/crud/sql.go:19.25,21.16 2 0
github.com/shivam/sqltc/crud/sql.go:21.16,23.3 1 0
github.com/shivam/sqltc/crud/sql.go:26.45,29.11 2 1
github.com/shivam/sqltc/crud/sql.go:34.2,35.16 2 1
github.com/shivam/sqltc/crud/sql.go:39.2,39.17 1 1
github.com/shivam/sqltc/crud/sql.go:45.2,45.16 1 1
github.com/shivam/sqltc/crud/sql.go:29.11,32.3 2 1
github.com/shivam/sqltc/crud/sql.go:35.16,38.3 2 1
github.com/shivam/sqltc/crud/sql.go:39.17,41.17 2 1
github.com/shivam/sqltc/crud/sql.go:41.17,43.4 1 0
github.com/shivam/sqltc/crud/sql.go:48.38,50.16 2 1
github.com/shivam/sqltc/crud/sql.go:54.2,54.12 1 1
github.com/shivam/sqltc/crud/sql.go:50.16,52.3 1 1
github.com/shivam/sqltc/crud/sql.go:57.39,61.16 3 1
github.com/shivam/sqltc/crud/sql.go:66.2,66.12 1 1
github.com/shivam/sqltc/crud/sql.go:61.16,64.3 2 1
github.com/shivam/sqltc/crud/sql.go:69.39,71.11 1 0
github.com/shivam/sqltc/crud/sql.go:112.2,112.18 1 0
github.com/shivam/sqltc/crud/sql.go:72.9,74.17 2 0
github.com/shivam/sqltc/crud/sql.go:80.3,81.18 2 0
github.com/shivam/sqltc/crud/sql.go:85.9,87.17 2 0
github.com/shivam/sqltc/crud/sql.go:93.3,94.18 2 0
github.com/shivam/sqltc/crud/sql.go:98.9,100.17 2 0
github.com/shivam/sqltc/crud/sql.go:106.3,107.18 2 0
github.com/shivam/sqltc/crud/sql.go:74.17,76.4 1 0
github.com/shivam/sqltc/crud/sql.go:81.18,83.4 1 0
github.com/shivam/sqltc/crud/sql.go:87.17,89.4 1 0
github.com/shivam/sqltc/crud/sql.go:94.18,96.4 1 0
github.com/shivam/sqltc/crud/sql.go:100.17,102.4 1 0
github.com/shivam/sqltc/crud/sql.go:107.18,109.4 1 0
github.com/shivam/sqltc/main.go:18.25,20.16 2 0
github.com/shivam/sqltc/main.go:20.16,22.3 1 0
github.com/shivam/sqltc/main.go:25.45,28.11 2 0
github.com/shivam/sqltc/main.go:33.2,34.16 2 0
github.com/shivam/sqltc/main.go:38.2,38.17 1 0
github.com/shivam/sqltc/main.go:44.2,44.16 1 0
github.com/shivam/sqltc/main.go:28.11,31.3 2 0
github.com/shivam/sqltc/main.go:34.16,37.3 2 0
github.com/shivam/sqltc/main.go:38.17,40.17 2 0
github.com/shivam/sqltc/main.go:40.17,42.4 1 0
github.com/shivam/sqltc/main.go:47.32,49.16 2 0
github.com/shivam/sqltc/main.go:49.16,51.3 1 0
github.com/shivam/sqltc/main.go:54.39,58.16 3 0
github.com/shivam/sqltc/main.go:62.2,62.12 1 0
github.com/shivam/sqltc/main.go:58.16,60.3 1 0
github.com/shivam/sqltc/main.go:65.39,67.11 1 0
github.com/shivam/sqltc/main.go:108.2,108.18 1 0
github.com/shivam/sqltc/main.go:68.9,70.17 2 0
github.com/shivam/sqltc/main.go:76.3,77.18 2 0
github.com/shivam/sqltc/main.go:81.9,83.17 2 0
github.com/shivam/sqltc/main.go:89.3,90.18 2 0
github.com/shivam/sqltc/main.go:94.9,96.17 2 0
github.com/shivam/sqltc/main.go:102.3,103.18 2 0
github.com/shivam/sqltc/main.go:70.17,72.4 1 0
github.com/shivam/sqltc/main.go:77.18,79.4 1 0
github.com/shivam/sqltc/main.go:83.17,85.4 1 0
github.com/shivam/sqltc/main.go:90.18,92.4 1 0
github.com/shivam/sqltc/main.go:96.17,98.4 1 0
github.com/shivam/sqltc/main.go:103.18,105.4 1 0
github.com/shivam/sqltc/main.go:111.13,117.16 2 0
github.com/shivam/sqltc/main.go:120.2,136.16 4 0
github.com/shivam/sqltc/main.go:139.2,151.18 3 0
github.com/shivam/sqltc/main.go:117.16,118.21 1 0
github.com/shivam/sqltc/main.go:136.16,138.3 1 0
