mode: set
github.com/shivam/sqltc/crud/sql.go:18.25,20.16 2 0
github.com/shivam/sqltc/crud/sql.go:20.16,22.3 1 0
github.com/shivam/sqltc/crud/sql.go:25.45,28.11 2 1
github.com/shivam/sqltc/crud/sql.go:33.2,34.16 2 1
github.com/shivam/sqltc/crud/sql.go:38.2,38.17 1 1
github.com/shivam/sqltc/crud/sql.go:44.2,44.16 1 1
github.com/shivam/sqltc/crud/sql.go:28.11,31.3 2 1
github.com/shivam/sqltc/crud/sql.go:34.16,37.3 2 1
github.com/shivam/sqltc/crud/sql.go:38.17,40.17 2 1
github.com/shivam/sqltc/crud/sql.go:40.17,42.4 1 1
github.com/shivam/sqltc/crud/sql.go:47.38,49.16 2 1
github.com/shivam/sqltc/crud/sql.go:53.2,53.12 1 1
github.com/shivam/sqltc/crud/sql.go:49.16,51.3 1 1
github.com/shivam/sqltc/crud/sql.go:56.39,60.16 3 1
github.com/shivam/sqltc/crud/sql.go:65.2,65.12 1 1
github.com/shivam/sqltc/crud/sql.go:60.16,63.3 1 1
github.com/shivam/sqltc/crud/sql.go:68.53,70.11 1 1
github.com/shivam/sqltc/crud/sql.go:96.2,96.12 1 1
github.com/shivam/sqltc/crud/sql.go:71.9,75.18 3 1
github.com/shivam/sqltc/crud/sql.go:79.9,83.18 3 1
github.com/shivam/sqltc/crud/sql.go:87.9,91.18 3 1
github.com/shivam/sqltc/crud/sql.go:75.18,77.4 1 1
github.com/shivam/sqltc/crud/sql.go:83.18,85.4 1 1
github.com/shivam/sqltc/crud/sql.go:91.18,93.4 1 1
